E:\VCWORKSPACE\FFMPEGDEMO\DEBUG\FFMPEGDEMO.EXE
E:\VCWORKSPACE\FFMPEGDEMO\DEBUG\FFMPEGDEMO.ILK
E:\VCWORKSPACE\FFMPEGDEMO\DEBUG\FFMPEGDEMO.PDB
E:\VCWorkspace\ffmpegdemo\ffmpegdemo\Debug\cl.command.1.tlog
E:\VCWorkspace\ffmpegdemo\ffmpegdemo\Debug\CL.read.1.tlog
E:\VCWorkspace\ffmpegdemo\ffmpegdemo\Debug\CL.write.1.tlog
E:\VCWORKSPACE\FFMPEGDEMO\FFMPEGDEMO\DEBUG\FFMPEGDEMO.EXE.EMBED.MANIFEST
E:\VCWORKSPACE\FFMPEGDEMO\FFMPEGDEMO\DEBUG\FFMPEGDEMO.EXE.EMBED.MANIFEST.RES
E:\VCWORKSPACE\FFMPEGDEMO\FFMPEGDEMO\DEBUG\FFMPEGDEMO.EXE.INTERMEDIATE.MANIFEST
E:\VCWORKSPACE\FFMPEGDEMO\FFMPEGDEMO\DEBUG\FFMPEGDEMO.OBJ
E:\VCWorkspace\ffmpegdemo\ffmpegdemo\Debug\ffmpegdemo_manifest.rc
E:\VCWorkspace\ffmpegdemo\ffmpegdemo\Debug\link.7924.read.1.tlog
E:\VCWorkspace\ffmpegdemo\ffmpegdemo\Debug\link.7924.write.1.tlog
E:\VCWorkspace\ffmpegdemo\ffmpegdemo\Debug\link.7924-cvtres.read.1.tlog
E:\VCWorkspace\ffmpegdemo\ffmpegdemo\Debug\link.7924-cvtres.write.1.tlog
E:\VCWorkspace\ffmpegdemo\ffmpegdemo\Debug\link.command.1.tlog
E:\VCWorkspace\ffmpegdemo\ffmpegdemo\Debug\link.read.1.tlog
E:\VCWorkspace\ffmpegdemo\ffmpegdemo\Debug\link.write.1.tlog
E:\VCWorkspace\ffmpegdemo\ffmpegdemo\Debug\link-cvtres.read.1.tlog
E:\VCWorkspace\ffmpegdemo\ffmpegdemo\Debug\link-cvtres.write.1.tlog
E:\VCWorkspace\ffmpegdemo\ffmpegdemo\Debug\mt.command.1.tlog
E:\VCWorkspace\ffmpegdemo\ffmpegdemo\Debug\mt.read.1.tlog
E:\VCWorkspace\ffmpegdemo\ffmpegdemo\Debug\mt.write.1.tlog
E:\VCWorkspace\ffmpegdemo\ffmpegdemo\Debug\rc.command.1.tlog
E:\VCWorkspace\ffmpegdemo\ffmpegdemo\Debug\rc.read.1.tlog
E:\VCWorkspace\ffmpegdemo\ffmpegdemo\Debug\rc.write.1.tlog
E:\VCWorkspace\ffmpegdemo\ffmpegdemo\Debug\vc100.idb
E:\VCWORKSPACE\FFMPEGDEMO\FFMPEGDEMO\DEBUG\VC100.PDB
