生成启动时间为 2016/9/15 14:56:27。
     1>项目“E:\VCWorkspace\ffmpegdemo\ffmpegdemo\ffmpegdemo.vcxproj”在节点 2 上(build 个目标)。
     1>InitializeBuildStatus:
         正在创建“Debug\ffmpegdemo.unsuccessfulbuild”，因为已指定“AlwaysCreate”。
       ClCompile:
         C:\Program Files\Microsoft Visual Studio 10.0\VC\bin\CL.exe /c /I./include /ZI /nologo /W3 /WX- /Od /Oy- /D WIN32 /D _DEBUG /D _CONSOLE /D _UNICODE /D UNICODE /Gm /EHsc /RTC1 /MDd /GS /fp:precise /Zc:wchar_t /Zc:forScope /Fo"Debug\\" /Fd"Debug\vc100.pdb" /Gd /TP /analyze- /errorReport:prompt source\ffmpegdemo.cpp
         ffmpegdemo.cpp
       ManifestResourceCompile:
         所有输出均为最新。
       Link:
         C:\Program Files\Microsoft Visual Studio 10.0\VC\bin\link.exe /ERRORREPORT:PROMPT /OUT:"E:\VCWorkspace\ffmpegdemo\Debug\ffmpegdemo.exe" /INCREMENTAL /NOLOGO /LIBPATH:./lib avcodec.lib avformat.lib avutil.lib avdevice.lib avfilter.lib postproc.lib swresample.lib swscale.lib SDL2.lib SDL2main.lib kernel32.lib user32.lib gdi32.lib winspool.lib comdlg32.lib advapi32.lib shell32.lib ole32.lib oleaut32.lib uuid.lib odbc32.lib odbccp32.lib /MANIFEST /ManifestFile:"Debug\ffmpegdemo.exe.intermediate.manifest" /MANIFESTUAC:"level='asInvoker' uiAccess='false'" /DEBUG /PDB:"E:\VCWorkspace\ffmpegdemo\Debug\ffmpegdemo.pdb" /SUBSYSTEM:CONSOLE /TLBID:1 /DYNAMICBASE /NXCOMPAT /IMPLIB:"E:\VCWorkspace\ffmpegdemo\Debug\ffmpegdemo.lib" /MACHINE:X86 Debug\ffmpegdemo.exe.embed.manifest.res
         Debug\ffmpegdemo.obj
       Manifest:
         C:\Program Files\Microsoft SDKs\Windows\v7.0A\bin\mt.exe /nologo /verbose /out:"Debug\ffmpegdemo.exe.embed.manifest" /manifest Debug\ffmpegdemo.exe.intermediate.manifest
         所有输出均为最新。
       LinkEmbedManifest:
         所有输出均为最新。
         ffmpegdemo.vcxproj -> E:\VCWorkspace\ffmpegdemo\Debug\ffmpegdemo.exe
       FinalizeBuildStatus:
         正在删除文件“Debug\ffmpegdemo.unsuccessfulbuild”。
         正在对“Debug\ffmpegdemo.lastbuildstate”执行 Touch 任务。
     1>已完成生成项目“E:\VCWorkspace\ffmpegdemo\ffmpegdemo\ffmpegdemo.vcxproj”(build 个目标)的操作。

生成成功。

已用时间 00:00:01.42
